#
# A fatal error has been detected by the Java Runtime Environment:
#
#  EXCEPTION_ILLEGAL_INSTRUCTION (0xc000001d) at pc=0x00000207a0fc4ab4, pid=25560, tid=11616
#
# JRE version: Java(TM) SE Runtime Environment 18.9 (11.0.11+9) (build 11.0.11+9-LTS-194)
# Java VM: Java HotSpot(TM) 64-Bit Server VM 18.9 (11.0.11+9-LTS-194, mixed mode, tiered, compressed oops, g1 gc, windows-amd64)
# Problematic frame:
# J 2913 c1 org.springframework.beans.BeanUtils.instantiateClass(Ljava/lang/reflect/Constructor;[Ljava/lang/Object;)Ljava/lang/Object; (187 bytes) @ 0x00000207a0fc4ab4 [0x00000207a0fc4600+0x00000000000004b4]
#
# No core dump will be written. Minidumps are not enabled by default on client versions of Windows
#
# If you would like to submit a bug report, please visit:
#   https://bugreport.java.com/bugreport/crash.jsp
#

---------------  S U M M A R Y ------------

Command Line: -XX:TieredStopAtLevel=1 -Xverify:none -Dspring.output.ansi.enabled=always -Dcom.sun.management.jmxremote -Dspring.jmx.enabled=true -Dspring.liveBeansView.mbeanDomain -Dspring.application.admin.enabled=true -javaagent:C:\Users\Jeon\AppData\Local\JetBrains\Toolbox\apps\IDEA-U\ch-0\213.6461.79\lib\idea_rt.jar=7659:C:\Users\Jeon\AppData\Local\JetBrains\Toolbox\apps\IDEA-U\ch-0\213.6461.79\bin -Dfile.encoding=UTF-8 com.kj.WhatShouldIEatTodayBack.WhatShouldIEatTodayBackApplication

Host: AMD Ryzen 5 5600X 6-Core Processor             , 12 cores, 31G,  Windows 10 , 64 bit Build 19041 (10.0.19041.1503)
Time: Wed Mar  2 15:11:48 2022 대한민국 표준시 elapsed time: 1.324338 seconds (0d 0h 0m 1s)

---------------  T H R E A D  ---------------

Current thread (0x0000020797fb0000):  JavaThread "main" [_thread_in_Java, id=11616, stack(0x000000ead5b00000,0x000000ead5c00000)]

Stack: [0x000000ead5b00000,0x000000ead5c00000],  sp=0x000000ead5bfe7b0,  free space=1017k
Native frames: (J=compiled Java code, j=interpreted, Vv=VM code, C=native code)
C  0x00000207a0fc4ab4


siginfo: EXCEPTION_ILLEGAL_INSTRUCTION (0xc000001d)


Register to memory mapping:

RIP=0x00000207a0fc4ab4 is at entry_point+1204 in (nmethod*)0x00000207a0fc4310
RAX=0x0000000627223c88 is pointing into object: [B 
{0x0000000627223c70} - klass: {type array byte}
 - length: 32
RBX=0x0 is NULL
RCX=81672 is a compressed pointer to class: 0x0000000800013f08
RDX=0x0 is NULL
RSP=0x000000ead5bfe7b0 is pointing into the stack for thread: 0x0000020797fb0000
RBP=0x000000ead5bfe8f8 is pointing into the stack for thread: 0x0000020797fb0000
RSI=0x0 is NULL
RDI=0x000000061da501a0 is an oop: java.lang.Class 
{0x000000061da501a0} - klass: 'java/lang/Class'
R8 =0x000000062720eeb8 is an oop: [Ljava.lang.Object; 
{0x000000062720eeb8} - klass: 'java/lang/Object'[]
 - length: 1
R9 =0x0000000627223ca0 is an oop: [Ljava.lang.Class; 
{0x0000000627223ca0} - klass: 'java/lang/Class'[]
 - length: 1
R10=0x0 is NULL
R11=0x0000000000000001 is an unknown value
R12=0x0 is NULL
R13=0x000000ead5bfe8a0 is pointing into the stack for thread: 0x0000020797fb0000
R14=0x000000ead5bfe930 is pointing into the stack for thread: 0x0000020797fb0000
R15=0x0000020797fb0000 is a thread


Registers:
RAX=0x0000000627223c88, RBX=0x0000000000000000, RCX=0x0000000000013f08, RDX=0x0000000000000000
RSP=0x000000ead5bfe7b0, RBP=0x000000ead5bfe8f8, RSI=0x0000000000000000, RDI=0x000000061da501a0
R8 =0x000000062720eeb8, R9 =0x0000000627223ca0, R10=0x0000000000000000, R11=0x0000000000000001
R12=0x0000000000000000, R13=0x000000ead5bfe8a0, R14=0x000000ead5bfe930, R15=0x0000020797fb0000
RIP=0x00000207a0fc4ab4, EFLAGS=0x0000000000010216

Top of Stack: (sp=0x000000ead5bfe7b0)
0x000000ead5bfe7b0:   0000020797fb0000 0000000000000018
0x000000ead5bfe7c0:   000000ead5bfe8f8 00007ffc7b951629
0x000000ead5bfe7d0:   00000207c96bc618 00007ffc7b9515bf
0x000000ead5bfe7e0:   000000ead5bfe830 00000000000003d8
0x000000ead5bfe7f0:   0000020797fb0000 00000207000000b7
0x000000ead5bfe800:   0000020797fb0000 00007ffc7b94af1f
0x000000ead5bfe810:   00000006275c1518 000000062720eeb8
0x000000ead5bfe820:   0000000100000018 0000000627223cb8
0x000000ead5bfe830:   0000000627223ca0 0000020797fb0000
0x000000ead5bfe840:   000000ead5bff990 00007ffc7b6df9bc
0x000000ead5bfe850:   000000ead5bfe8f8 00000207a104bb0c
0x000000ead5bfe860:   00000207c887bae0 00007ffc7b9515bf
0x000000ead5bfe870:   00000006014cec58 00000207a045e07a
0x000000ead5bfe880:   000000ead5bfe8f8 00000207a0459e80
0x000000ead5bfe890:   000000ead5bfe8f8 00000207a0459e80
0x000000ead5bfe8a0:   000000062720eeb8 00000006275c1518 

Instructions: (pc=0x00000207a0fc4ab4)
0x00000207a0fc4a94:   48 10 48 89 48 18 48 89 48 20 49 b8 20 af af 1d
0x00000207a0fc4aa4:   06 00 00 00 48 8b d0 48 89 84 24 88 00 00 00 0f
0x00000207a0fc4ab4:   1f 40 00 e8 c4 15 4b ff 48 8b 84 24 88 00 00 00
0x00000207a0fc4ac4:   48 ba c4 4a fc a0 07 02 00 00 e8 2d 9e 57 ff 90 


Stack slot to memory mapping:
stack at sp + 0 slots: 0x0000020797fb0000 is a thread
stack at sp + 1 slots: 0x0000000000000018 is an unknown value
stack at sp + 2 slots: 0x000000ead5bfe8f8 is pointing into the stack for thread: 0x0000020797fb0000
stack at sp + 3 slots: 0x00007ffc7b951629 jvm.dll
stack at sp + 4 slots: 0x00000207c96bc618 is pointing into metadata
stack at sp + 5 slots: 0x00007ffc7b9515bf jvm.dll
stack at sp + 6 slots: 0x000000ead5bfe830 is pointing into the stack for thread: 0x0000020797fb0000
stack at sp + 7 slots: 0x00000000000003d8 is an unknown value



---------------  P R O C E S S  ---------------

Threads class SMR info:
_java_thread_list=0x00000207c7a8af50, length=13, elements={
0x0000020797fb0000, 0x00000207c603a000, 0x00000207c6044000, 0x00000207c60aa800,
0x00000207c60ac800, 0x00000207c60af800, 0x00000207c60ba000, 0x00000207c61ff000,
0x00000207c6653800, 0x00000207c6654800, 0x00000207c6826000, 0x00000207c7f4a000,
0x00000207c7f9a000
}

Java Threads: ( => current thread )
=>0x0000020797fb0000 JavaThread "main" [_thread_in_Java, id=11616, stack(0x000000ead5b00000,0x000000ead5c00000)]
  0x00000207c603a000 JavaThread "Reference Handler" daemon [_thread_blocked, id=28940, stack(0x000000ead6200000,0x000000ead6300000)]
  0x00000207c6044000 JavaThread "Finalizer" daemon [_thread_blocked, id=25888, stack(0x000000ead6300000,0x000000ead6400000)]
  0x00000207c60aa800 JavaThread "Signal Dispatcher" daemon [_thread_blocked, id=24868, stack(0x000000ead6400000,0x000000ead6500000)]
  0x00000207c60ac800 JavaThread "Attach Listener" daemon [_thread_blocked, id=27064, stack(0x000000ead6500000,0x000000ead6600000)]
  0x00000207c60af800 JavaThread "C1 CompilerThread0" daemon [_thread_blocked, id=10088, stack(0x000000ead6600000,0x000000ead6700000)]
  0x00000207c60ba000 JavaThread "Sweeper thread" daemon [_thread_blocked, id=20640, stack(0x000000ead6700000,0x000000ead6800000)]
  0x00000207c61ff000 JavaThread "Common-Cleaner" daemon [_thread_blocked, id=3044, stack(0x000000ead6800000,0x000000ead6900000)]
  0x00000207c6653800 JavaThread "Monitor Ctrl-Break" daemon [_thread_in_native, id=25768, stack(0x000000ead6900000,0x000000ead6a00000)]
  0x00000207c6654800 JavaThread "Service Thread" daemon [_thread_blocked, id=6492, stack(0x000000ead6a00000,0x000000ead6b00000)]
  0x00000207c6826000 JavaThread "RMI TCP Accept-0" daemon [_thread_in_native, id=26384, stack(0x000000ead6b00000,0x000000ead6c00000)]
  0x00000207c7f4a000 JavaThread "RMI TCP Connection(1)-192.168.0.14" daemon [_thread_in_native, id=11544, stack(0x000000ead7600000,0x000000ead7700000)]
  0x00000207c7f9a000 JavaThread "RMI Scheduler(0)" daemon [_thread_blocked, id=28028, stack(0x000000ead7900000,0x000000ead7a00000)]

Other Threads:
  0x00000207c6016800 VMThread "VM Thread" [stack: 0x000000ead6100000,0x000000ead6200000] [id=944]
  0x00000207c6842800 WatcherThread [stack: 0x000000ead6c00000,0x000000ead6d00000] [id=27764]
  0x0000020797fc4800 GCTaskThread "GC Thread#0" [stack: 0x000000ead5c00000,0x000000ead5d00000] [id=27260]
  0x00000207c743a000 GCTaskThread "GC Thread#1" [stack: 0x000000ead6d00000,0x000000ead6e00000] [id=27348]
  0x00000207c743a800 GCTaskThread "GC Thread#2" [stack: 0x000000ead6e00000,0x000000ead6f00000] [id=23184]
  0x00000207c7453800 GCTaskThread "GC Thread#3" [stack: 0x000000ead6f00000,0x000000ead7000000] [id=23860]
  0x00000207c7454800 GCTaskThread "GC Thread#4" [stack: 0x000000ead7000000,0x000000ead7100000] [id=24920]
  0x00000207c745f800 GCTaskThread "GC Thread#5" [stack: 0x000000ead7100000,0x000000ead7200000] [id=18468]
  0x00000207c7460800 GCTaskThread "GC Thread#6" [stack: 0x000000ead7200000,0x000000ead7300000] [id=29484]
  0x00000207c7461000 GCTaskThread "GC Thread#7" [stack: 0x000000ead7300000,0x000000ead7400000] [id=3272]
  0x00000207c7466800 GCTaskThread "GC Thread#8" [stack: 0x000000ead7400000,0x000000ead7500000] [id=3336]
  0x00000207c7467000 GCTaskThread "GC Thread#9" [stack: 0x000000ead7500000,0x000000ead7600000] [id=28464]
  0x0000020798045000 ConcurrentGCThread "G1 Main Marker" [stack: 0x000000ead5d00000,0x000000ead5e00000] [id=23620]
  0x0000020798046800 ConcurrentGCThread "G1 Conc#0" [stack: 0x000000ead5e00000,0x000000ead5f00000] [id=19972]
  0x00000207c776e000 ConcurrentGCThread "G1 Conc#1" [stack: 0x000000ead7700000,0x000000ead7800000] [id=26436]
  0x00000207c778d000 ConcurrentGCThread "G1 Conc#2" [stack: 0x000000ead7800000,0x000000ead7900000] [id=27196]
  0x00000207c5677800 ConcurrentGCThread "G1 Refine#0" [stack: 0x000000ead5f00000,0x000000ead6000000] [id=2448]
  0x00000207c5678000 ConcurrentGCThread "G1 Young RemSet Sampling" [stack: 0x000000ead6000000,0x000000ead6100000] [id=14040]

Threads with active compile tasks:

VM state:not at safepoint (normal execution)

VM Mutex/Monitor currently owned by a thread: None

Heap address: 0x0000000601200000, size: 8174 MB, Compressed Oops mode: Zero based, Oop shift amount: 3
Narrow klass base: 0x0000000800000000, Narrow klass shift: 0
Compressed class space size: 1073741824 Address: 0x0000000800000000

Heap:
 garbage-first heap   total 630784K, used 23210K [0x0000000601200000, 0x0000000800000000)
  region size 2048K, 9 young (18432K), 5 survivors (10240K)
 Metaspace       used 35167K, capacity 36295K, committed 36560K, reserved 1081344K
  class space    used 4435K, capacity 4889K, committed 4992K, reserved 1048576K
Heap Regions: E=young(eden), S=young(survivor), O=old, HS=humongous(starts), HC=humongous(continues), CS=collection set, F=free, A=archive, TAMS=top-at-mark-start (previous, next)
|   0|0x0000000601200000, 0x0000000601400000, 0x0000000601400000|100%| O|  |TAMS 0x0000000601400000, 0x0000000601200000| Untracked 
|   1|0x0000000601400000, 0x0000000601600000, 0x0000000601600000|100%| O|  |TAMS 0x0000000601600000, 0x0000000601400000| Untracked 
|   2|0x0000000601600000, 0x0000000601800000, 0x0000000601800000|100%| O|  |TAMS 0x0000000601800000, 0x0000000601600000| Untracked 
|   3|0x0000000601800000, 0x0000000601a00000, 0x0000000601a00000|100%| O|  |TAMS 0x0000000601a00000, 0x0000000601800000| Untracked 
|   4|0x0000000601a00000, 0x0000000601a04800, 0x0000000601c00000|  0%| O|  |TAMS 0x0000000601a04800, 0x0000000601a00000| Untracked 
|   5|0x0000000601c00000, 0x0000000601c00000, 0x0000000601e00000|  0%| F|  |TAMS 0x0000000601c00000, 0x0000000601c00000| Untracked 
|   6|0x0000000601e00000, 0x0000000601e00000, 0x0000000602000000|  0%| F|  |TAMS 0x0000000601e00000, 0x0000000601e00000| Untracked 
|   7|0x0000000602000000, 0x0000000602000000, 0x0000000602200000|  0%| F|  |TAMS 0x0000000602000000, 0x0000000602000000| Untracked 
|   8|0x0000000602200000, 0x0000000602200000, 0x0000000602400000|  0%| F|  |TAMS 0x0000000602200000, 0x0000000602200000| Untracked 
|   9|0x0000000602400000, 0x0000000602400000, 0x0000000602600000|  0%| F|  |TAMS 0x0000000602400000, 0x0000000602400000| Untracked 
|  10|0x0000000602600000, 0x0000000602600000, 0x0000000602800000|  0%| F|  |TAMS 0x0000000602600000, 0x0000000602600000| Untracked 
|  11|0x0000000602800000, 0x0000000602800000, 0x0000000602a00000|  0%| F|  |TAMS 0x0000000602800000, 0x0000000602800000| Untracked 
|  12|0x0000000602a00000, 0x0000000602a00000, 0x0000000602c00000|  0%| F|  |TAMS 0x0000000602a00000, 0x0000000602a00000| Untracked 
|  13|0x0000000602c00000, 0x0000000602c00000, 0x0000000602e00000|  0%| F|  |TAMS 0x0000000602c00000, 0x0000000602c00000| Untracked 
|  14|0x0000000602e00000, 0x0000000602e00000, 0x0000000603000000|  0%| F|  |TAMS 0x0000000602e00000, 0x0000000602e00000| Untracked 
|  15|0x0000000603000000, 0x0000000603000000, 0x0000000603200000|  0%| F|  |TAMS 0x0000000603000000, 0x0000000603000000| Untracked 
|  16|0x0000000603200000, 0x0000000603200000, 0x0000000603400000|  0%| F|  |TAMS 0x0000000603200000, 0x0000000603200000| Untracked 
|  17|0x0000000603400000, 0x0000000603400000, 0x0000000603600000|  0%| F|  |TAMS 0x0000000603400000, 0x0000000603400000| Untracked 
|  18|0x0000000603600000, 0x0000000603600000, 0x0000000603800000|  0%| F|  |TAMS 0x0000000603600000, 0x0000000603600000| Untracked 
|  19|0x0000000603800000, 0x0000000603800000, 0x0000000603a00000|  0%| F|  |TAMS 0x0000000603800000, 0x0000000603800000| Untracked 
|  20|0x0000000603a00000, 0x0000000603a00000, 0x0000000603c00000|  0%| F|  |TAMS 0x0000000603a00000, 0x0000000603a00000| Untracked 
|  21|0x0000000603c00000, 0x0000000603c00000, 0x0000000603e00000|  0%| F|  |TAMS 0x0000000603c00000, 0x0000000603c00000| Untracked 
|  22|0x0000000603e00000, 0x0000000603e00000, 0x0000000604000000|  0%| F|  |TAMS 0x0000000603e00000, 0x0000000603e00000| Untracked 
|  23|0x0000000604000000, 0x0000000604000000, 0x0000000604200000|  0%| F|  |TAMS 0x0000000604000000, 0x0000000604000000| Untracked 
|  24|0x0000000604200000, 0x0000000604200000, 0x0000000604400000|  0%| F|  |TAMS 0x0000000604200000, 0x0000000604200000| Untracked 
|  25|0x0000000604400000, 0x0000000604400000, 0x0000000604600000|  0%| F|  |TAMS 0x0000000604400000, 0x0000000604400000| Untracked 
|  26|0x0000000604600000, 0x0000000604600000, 0x0000000604800000|  0%| F|  |TAMS 0x0000000604600000, 0x0000000604600000| Untracked 
|  27|0x0000000604800000, 0x0000000604800000, 0x0000000604a00000|  0%| F|  |TAMS 0x0000000604800000, 0x0000000604800000| Untracked 
|  28|0x0000000604a00000, 0x0000000604a00000, 0x0000000604c00000|  0%| F|  |TAMS 0x0000000604a00000, 0x0000000604a00000| Untracked 
|  29|0x0000000604c00000, 0x0000000604c00000, 0x0000000604e00000|  0%| F|  |TAMS 0x0000000604c00000, 0x0000000604c00000| Untracked 
|  30|0x0000000604e00000, 0x0000000604e00000, 0x0000000605000000|  0%| F|  |TAMS 0x0000000604e00000, 0x0000000604e00000| Untracked 
|  31|0x0000000605000000, 0x0000000605000000, 0x0000000605200000|  0%| F|  |TAMS 0x0000000605000000, 0x0000000605000000| Untracked 
|  32|0x0000000605200000, 0x0000000605200000, 0x0000000605400000|  0%| F|  |TAMS 0x0000000605200000, 0x0000000605200000| Untracked 
|  33|0x0000000605400000, 0x0000000605400000, 0x0000000605600000|  0%| F|  |TAMS 0x0000000605400000, 0x0000000605400000| Untracked 
|  34|0x0000000605600000, 0x0000000605600000, 0x0000000605800000|  0%| F|  |TAMS 0x0000000605600000, 0x0000000605600000| Untracked 
|  35|0x0000000605800000, 0x0000000605800000, 0x0000000605a00000|  0%| F|  |TAMS 0x0000000605800000, 0x0000000605800000| Untracked 
|  36|0x0000000605a00000, 0x0000000605a00000, 0x0000000605c00000|  0%| F|  |TAMS 0x0000000605a00000, 0x0000000605a00000| Untracked 
|  37|0x0000000605c00000, 0x0000000605c00000, 0x0000000605e00000|  0%| F|  |TAMS 0x0000000605c00000, 0x0000000605c00000| Untracked 
|  38|0x0000000605e00000, 0x0000000605e00000, 0x0000000606000000|  0%| F|  |TAMS 0x0000000605e00000, 0x0000000605e00000| Untracked 
|  39|0x0000000606000000, 0x0000000606000000, 0x0000000606200000|  0%| F|  |TAMS 0x0000000606000000, 0x0000000606000000| Untracked 
|  40|0x0000000606200000, 0x0000000606200000, 0x0000000606400000|  0%| F|  |TAMS 0x0000000606200000, 0x0000000606200000| Untracked 
|  41|0x0000000606400000, 0x0000000606400000, 0x0000000606600000|  0%| F|  |TAMS 0x0000000606400000, 0x0000000606400000| Untracked 
|  42|0x0000000606600000, 0x0000000606600000, 0x0000000606800000|  0%| F|  |TAMS 0x0000000606600000, 0x0000000606600000| Untracked 
|  43|0x0000000606800000, 0x0000000606800000, 0x0000000606a00000|  0%| F|  |TAMS 0x0000000606800000, 0x0000000606800000| Untracked 
|  44|0x0000000606a00000, 0x0000000606a00000, 0x0000000606c00000|  0%| F|  |TAMS 0x0000000606a00000, 0x0000000606a00000| Untracked 
|  45|0x0000000606c00000, 0x0000000606c00000, 0x0000000606e00000|  0%| F|  |TAMS 0x0000000606c00000, 0x0000000606c00000| Untracked 
|  46|0x0000000606e00000, 0x0000000606e00000, 0x0000000607000000|  0%| F|  |TAMS 0x0000000606e00000, 0x0000000606e00000| Untracked 
|  47|0x0000000607000000, 0x0000000607000000, 0x0000000607200000|  0%| F|  |TAMS 0x0000000607000000, 0x0000000607000000| Untracked 
|  48|0x0000000607200000, 0x0000000607200000, 0x0000000607400000|  0%| F|  |TAMS 0x0000000607200000, 0x0000000607200000| Untracked 
|  49|0x0000000607400000, 0x0000000607400000, 0x0000000607600000|  0%| F|  |TAMS 0x0000000607400000, 0x0000000607400000| Untracked 
|  50|0x0000000607600000, 0x0000000607600000, 0x0000000607800000|  0%| F|  |TAMS 0x0000000607600000, 0x0000000607600000| Untracked 
|  51|0x0000000607800000, 0x0000000607800000, 0x0000000607a00000|  0%| F|  |TAMS 0x0000000607800000, 0x0000000607800000| Untracked 
|  52|0x0000000607a00000, 0x0000000607a00000, 0x0000000607c00000|  0%| F|  |TAMS 0x0000000607a00000, 0x0000000607a00000| Untracked 
|  53|0x0000000607c00000, 0x0000000607c00000, 0x0000000607e00000|  0%| F|  |TAMS 0x0000000607c00000, 0x0000000607c00000| Untracked 
|  54|0x0000000607e00000, 0x0000000607e00000, 0x0000000608000000|  0%| F|  |TAMS 0x0000000607e00000, 0x0000000607e00000| Untracked 
|  55|0x0000000608000000, 0x0000000608000000, 0x0000000608200000|  0%| F|  |TAMS 0x0000000608000000, 0x0000000608000000| Untracked 
|  56|0x0000000608200000, 0x0000000608200000, 0x0000000608400000|  0%| F|  |TAMS 0x0000000608200000, 0x0000000608200000| Untracked 
|  57|0x0000000608400000, 0x0000000608400000, 0x0000000608600000|  0%| F|  |TAMS 0x0000000608400000, 0x0000000608400000| Untracked 
|  58|0x0000000608600000, 0x0000000608600000, 0x0000000608800000|  0%| F|  |TAMS 0x0000000608600000, 0x0000000608600000| Untracked 
|  59|0x0000000608800000, 0x0000000608800000, 0x0000000608a00000|  0%| F|  |TAMS 0x0000000608800000, 0x0000000608800000| Untracked 
|  60|0x0000000608a00000, 0x0000000608a00000, 0x0000000608c00000|  0%| F|  |TAMS 0x0000000608a00000, 0x0000000608a00000| Untracked 
|  61|0x0000000608c00000, 0x0000000608c00000, 0x0000000608e00000|  0%| F|  |TAMS 0x0000000608c00000, 0x0000000608c00000| Untracked 
|  62|0x0000000608e00000, 0x0000000608e00000, 0x0000000609000000|  0%| F|  |TAMS 0x0000000608e00000, 0x0000000608e00000| Untracked 
|  63|0x0000000609000000, 0x0000000609000000, 0x0000000609200000|  0%| F|  |TAMS 0x0000000609000000, 0x0000000609000000| Untracked 
|  64|0x0000000609200000, 0x0000000609200000, 0x0000000609400000|  0%| F|  |TAMS 0x0000000609200000, 0x0000000609200000| Untracked 
|  65|0x0000000609400000, 0x0000000609400000, 0x0000000609600000|  0%| F|  |TAMS 0x0000000609400000, 0x0000000609400000| Untracked 
|  66|0x0000000609600000, 0x0000000609600000, 0x0000000609800000|  0%| F|  |TAMS 0x0000000609600000, 0x0000000609600000| Untracked 
|  67|0x0000000609800000, 0x0000000609800000, 0x0000000609a00000|  0%| F|  |TAMS 0x0000000609800000, 0x0000000609800000| Untracked 
|  68|0x0000000609a00000, 0x0000000609a00000, 0x0000000609c00000|  0%| F|  |TAMS 0x0000000609a00000, 0x0000000609a00000| Untracked 
|  69|0x0000000609c00000, 0x0000000609c00000, 0x0000000609e00000|  0%| F|  |TAMS 0x0000000609c00000, 0x0000000609c00000| Untracked 
|  70|0x0000000609e00000, 0x0000000609e00000, 0x000000060a000000|  0%| F|  |TAMS 0x0000000609e00000, 0x0000000609e00000| Untracked 
|  71|0x000000060a000000, 0x000000060a000000, 0x000000060a200000|  0%| F|  |TAMS 0x000000060a000000, 0x000000060a000000| Untracked 
|  72|0x000000060a200000, 0x000000060a200000, 0x000000060a400000|  0%| F|  |TAMS 0x000000060a200000, 0x000000060a200000| Untracked 
|  73|0x000000060a400000, 0x000000060a400000, 0x000000060a600000|  0%| F|  |TAMS 0x000000060a400000, 0x000000060a400000| Untracked 
|  74|0x000000060a600000, 0x000000060a600000, 0x000000060a800000|  0%| F|  |TAMS 0x000000060a600000, 0x000000060a600000| Untracked 
|  75|0x000000060a800000, 0x000000060a800000, 0x000000060aa00000|  0%| F|  |TAMS 0x000000060a800000, 0x000000060a800000| Untracked 
|  76|0x000000060aa00000, 0x000000060aa00000, 0x000000060ac00000|  0%| F|  |TAMS 0x000000060aa00000, 0x000000060aa00000| Untracked 
|  77|0x000000060ac00000, 0x000000060ac00000, 0x000000060ae00000|  0%| F|  |TAMS 0x000000060ac00000, 0x000000060ac00000| Untracked 
|  78|0x000000060ae00000, 0x000000060ae00000, 0x000000060b000000|  0%| F|  |TAMS 0x000000060ae00000, 0x000000060ae00000| Untracked 
|  79|0x000000060b000000, 0x000000060b000000, 0x000000060b200000|  0%| F|  |TAMS 0x000000060b000000, 0x000000060b000000| Untracked 
|  80|0x000000060b200000, 0x000000060b200000, 0x000000060b400000|  0%| F|  |TAMS 0x000000060b200000, 0x000000060b200000| Untracked 
|  81|0x000000060b400000, 0x000000060b400000, 0x000000060b600000|  0%| F|  |TAMS 0x000000060b400000, 0x000000060b400000| Untracked 
|  82|0x000000060b600000, 0x000000060b600000, 0x000000060b800000|  0%| F|  |TAMS 0x000000060b600000, 0x000000060b600000| Untracked 
|  83|0x000000060b800000, 0x000000060b800000, 0x000000060ba00000|  0%| F|  |TAMS 0x000000060b800000, 0x000000060b800000| Untracked 
|  84|0x000000060ba00000, 0x000000060ba00000, 0x000000060bc00000|  0%| F|  |TAMS 0x000000060ba00000, 0x000000060ba00000| Untracked 
|  85|0x000000060bc00000, 0x000000060bc00000, 0x000000060be00000|  0%| F|  |TAMS 0x000000060bc00000, 0x000000060bc00000| Untracked 
|  86|0x000000060be00000, 0x000000060be00000, 0x000000060c000000|  0%| F|  |TAMS 0x000000060be00000, 0x000000060be00000| Untracked 
|  87|0x000000060c000000, 0x000000060c000000, 0x000000060c200000|  0%| F|  |TAMS 0x000000060c000000, 0x000000060c000000| Untracked 
|  88|0x000000060c200000, 0x000000060c200000, 0x000000060c400000|  0%| F|  |TAMS 0x000000060c200000, 0x000000060c200000| Untracked 
|  89|0x000000060c400000, 0x000000060c400000, 0x000000060c600000|  0%| F|  |TAMS 0x000000060c400000, 0x000000060c400000| Untracked 
|  90|0x000000060c600000, 0x000000060c600000, 0x000000060c800000|  0%| F|  |TAMS 0x000000060c600000, 0x000000060c600000| Untracked 
|  91|0x000000060c800000, 0x000000060c800000, 0x000000060ca00000|  0%| F|  |TAMS 0x000000060c800000, 0x000000060c800000| Untracked 
|  92|0x000000060ca00000, 0x000000060ca00000, 0x000000060cc00000|  0%| F|  |TAMS 0x000000060ca00000, 0x000000060ca00000| Untracked 
|  93|0x000000060cc00000, 0x000000060cc00000, 0x000000060ce00000|  0%| F|  |TAMS 0x000000060cc00000, 0x000000060cc00000| Untracked 
|  94|0x000000060ce00000, 0x000000060ce00000, 0x000000060d000000|  0%| F|  |TAMS 0x000000060ce00000, 0x000000060ce00000| Untracked 
|  95|0x000000060d000000, 0x000000060d000000, 0x000000060d200000|  0%| F|  |TAMS 0x000000060d000000, 0x000000060d000000| Untracked 
|  96|0x000000060d200000, 0x000000060d200000, 0x000000060d400000|  0%| F|  |TAMS 0x000000060d200000, 0x000000060d200000| Untracked 
|  97|0x000000060d400000, 0x000000060d400000, 0x000000060d600000|  0%| F|  |TAMS 0x000000060d400000, 0x000000060d400000| Untracked 
|  98|0x000000060d600000, 0x000000060d600000, 0x000000060d800000|  0%| F|  |TAMS 0x000000060d600000, 0x000000060d600000| Untracked 
|  99|0x000000060d800000, 0x000000060d800000, 0x000000060da00000|  0%| F|  |TAMS 0x000000060d800000, 0x000000060d800000| Untracked 
| 100|0x000000060da00000, 0x000000060da00000, 0x000000060dc00000|  0%| F|  |TAMS 0x000000060da00000, 0x000000060da00000| Untracked 
| 101|0x000000060dc00000, 0x000000060dc00000, 0x000000060de00000|  0%| F|  |TAMS 0x000000060dc00000, 0x000000060dc00000| Untracked 
| 102|0x000000060de00000, 0x000000060de00000, 0x000000060e000000|  0%| F|  |TAMS 0x000000060de00000, 0x000000060de00000| Untracked 
| 103|0x000000060e000000, 0x000000060e000000, 0x000000060e200000|  0%| F|  |TAMS 0x000000060e000000, 0x000000060e000000| Untracked 
| 104|0x000000060e200000, 0x000000060e200000, 0x000000060e400000|  0%| F|  |TAMS 0x000000060e200000, 0x000000060e200000| Untracked 
| 105|0x000000060e400000, 0x000000060e400000, 0x000000060e600000|  0%| F|  |TAMS 0x000000060e400000, 0x000000060e400000| Untracked 
| 106|0x000000060e600000, 0x000000060e600000, 0x000000060e800000|  0%| F|  |TAMS 0x000000060e600000, 0x000000060e600000| Untracked 
| 107|0x000000060e800000, 0x000000060e800000, 0x000000060ea00000|  0%| F|  |TAMS 0x000000060e800000, 0x000000060e800000| Untracked 
| 108|0x000000060ea00000, 0x000000060ea00000, 0x000000060ec00000|  0%| F|  |TAMS 0x000000060ea00000, 0x000000060ea00000| Untracked 
| 109|0x000000060ec00000, 0x000000060ec00000, 0x000000060ee00000|  0%| F|  |TAMS 0x000000060ec00000, 0x000000060ec00000| Untracked 
| 110|0x000000060ee00000, 0x000000060ee00000, 0x000000060f000000|  0%| F|  |TAMS 0x000000060ee00000, 0x000000060ee00000| Untracked 
| 111|0x000000060f000000, 0x000000060f000000, 0x000000060f200000|  0%| F|  |TAMS 0x000000060f000000, 0x000000060f000000| Untracked 
| 112|0x000000060f200000, 0x000000060f200000, 0x000000060f400000|  0%| F|  |TAMS 0x000000060f200000, 0x000000060f200000| Untracked 
| 113|0x000000060f400000, 0x000000060f400000, 0x000000060f600000|  0%| F|  |TAMS 0x000000060f400000, 0x000000060f400000| Untracked 
| 114|0x000000060f600000, 0x000000060f600000, 0x000000060f800000|  0%| F|  |TAMS 0x000000060f600000, 0x000000060f600000| Untracked 
| 115|0x000000060f800000, 0x000000060f800000, 0x000000060fa00000|  0%| F|  |TAMS 0x000000060f800000, 0x000000060f800000| Untracked 
| 116|0x000000060fa00000, 0x000000060fa00000, 0x000000060fc00000|  0%| F|  |TAMS 0x000000060fa00000, 0x000000060fa00000| Untracked 
| 117|0x000000060fc00000, 0x000000060fc00000, 0x000000060fe00000|  0%| F|  |TAMS 0x000000060fc00000, 0x000000060fc00000| Untracked 
| 118|0x000000060fe00000, 0x000000060fe00000, 0x0000000610000000|  0%| F|  |TAMS 0x000000060fe00000, 0x000000060fe00000| Untracked 
| 119|0x0000000610000000, 0x0000000610000000, 0x0000000610200000|  0%| F|  |TAMS 0x0000000610000000, 0x0000000610000000| Untracked 
| 120|0x0000000610200000, 0x0000000610200000, 0x0000000610400000|  0%| F|  |TAMS 0x0000000610200000, 0x0000000610200000| Untracked 
| 121|0x0000000610400000, 0x0000000610400000, 0x0000000610600000|  0%| F|  |TAMS 0x0000000610400000, 0x0000000610400000| Untracked 
| 122|0x0000000610600000, 0x0000000610600000, 0x0000000610800000|  0%| F|  |TAMS 0x0000000610600000, 0x0000000610600000| Untracked 
| 123|0x0000000610800000, 0x0000000610800000, 0x0000000610a00000|  0%| F|  |TAMS 0x0000000610800000, 0x0000000610800000| Untracked 
| 124|0x0000000610a00000, 0x0000000610a00000, 0x0000000610c00000|  0%| F|  |TAMS 0x0000000610a00000, 0x0000000610a00000| Untracked 
| 125|0x0000000610c00000, 0x0000000610c00000, 0x0000000610e00000|  0%| F|  |TAMS 0x0000000610c00000, 0x0000000610c00000| Untracked 
| 126|0x0000000610e00000, 0x0000000610e00000, 0x0000000611000000|  0%| F|  |TAMS 0x0000000610e00000, 0x0000000610e00000| Untracked 
| 127|0x0000000611000000, 0x0000000611000000, 0x0000000611200000|  0%| F|  |TAMS 0x0000000611000000, 0x0000000611000000| Untracked 
| 128|0x0000000611200000, 0x0000000611200000, 0x0000000611400000|  0%| F|  |TAMS 0x0000000611200000, 0x0000000611200000| Untracked 
| 129|0x0000000611400000, 0x0000000611400000, 0x0000000611600000|  0%| F|  |TAMS 0x0000000611400000, 0x0000000611400000| Untracked 
| 130|0x0000000611600000, 0x0000000611600000, 0x0000000611800000|  0%| F|  |TAMS 0x0000000611600000, 0x0000000611600000| Untracked 
| 131|0x0000000611800000, 0x0000000611800000, 0x0000000611a00000|  0%| F|  |TAMS 0x0000000611800000, 0x0000000611800000| Untracked 
| 132|0x0000000611a00000, 0x0000000611a00000, 0x0000000611c00000|  0%| F|  |TAMS 0x0000000611a00000, 0x0000000611a00000| Untracked 
| 133|0x0000000611c00000, 0x0000000611c00000, 0x0000000611e00000|  0%| F|  |TAMS 0x0000000611c00000, 0x0000000611c00000| Untracked 
| 134|0x0000000611e00000, 0x0000000611e00000, 0x0000000612000000|  0%| F|  |TAMS 0x0000000611e00000, 0x0000000611e00000| Untracked 
| 135|0x0000000612000000, 0x0000000612000000, 0x0000000612200000|  0%| F|  |TAMS 0x0000000612000000, 0x0000000612000000| Untracked 
| 136|0x0000000612200000, 0x0000000612200000, 0x0000000612400000|  0%| F|  |TAMS 0x0000000612200000, 0x0000000612200000| Untracked 
| 137|0x0000000612400000, 0x0000000612400000, 0x0000000612600000|  0%| F|  |TAMS 0x0000000612400000, 0x0000000612400000| Untracked 
| 138|0x0000000612600000, 0x0000000612600000, 0x0000000612800000|  0%| F|  |TAMS 0x0000000612600000, 0x0000000612600000| Untracked 
| 139|0x0000000612800000, 0x0000000612800000, 0x0000000612a00000|  0%| F|  |TAMS 0x0000000612800000, 0x0000000612800000| Untracked 
| 140|0x0000000612a00000, 0x0000000612a00000, 0x0000000612c00000|  0%| F|  |TAMS 0x0000000612a00000, 0x0000000612a00000| Untracked 
| 141|0x0000000612c00000, 0x0000000612c00000, 0x0000000612e00000|  0%| F|  |TAMS 0x0000000612c00000, 0x0000000612c00000| Untracked 
| 142|0x0000000612e00000, 0x0000000612e00000, 0x0000000613000000|  0%| F|  |TAMS 0x0000000612e00000, 0x0000000612e00000| Untracked 
| 143|0x0000000613000000, 0x0000000613000000, 0x0000000613200000|  0%| F|  |TAMS 0x0000000613000000, 0x0000000613000000| Untracked 
| 144|0x0000000613200000, 0x0000000613200000, 0x0000000613400000|  0%| F|  |TAMS 0x0000000613200000, 0x0000000613200000| Untracked 
| 145|0x0000000613400000, 0x0000000613400000, 0x0000000613600000|  0%| F|  |TAMS 0x0000000613400000, 0x0000000613400000| Untracked 
| 146|0x0000000613600000, 0x0000000613600000, 0x0000000613800000|  0%| F|  |TAMS 0x0000000613600000, 0x0000000613600000| Untracked 
| 147|0x0000000613800000, 0x0000000613800000, 0x0000000613a00000|  0%| F|  |TAMS 0x0000000613800000, 0x0000000613800000| Untracked 
| 148|0x0000000613a00000, 0x0000000613a00000, 0x0000000613c00000|  0%| F|  |TAMS 0x0000000613a00000, 0x0000000613a00000| Untracked 
| 149|0x0000000613c00000, 0x0000000613c00000, 0x0000000613e00000|  0%| F|  |TAMS 0x0000000613c00000, 0x0000000613c00000| Untracked 
| 150|0x0000000613e00000, 0x0000000613e00000, 0x0000000614000000|  0%| F|  |TAMS 0x0000000613e00000, 0x0000000613e00000| Untracked 
| 151|0x0000000614000000, 0x0000000614000000, 0x0000000614200000|  0%| F|  |TAMS 0x0000000614000000, 0x0000000614000000| Untracked 
| 152|0x0000000614200000, 0x0000000614200000, 0x0000000614400000|  0%| F|  |TAMS 0x0000000614200000, 0x0000000614200000| Untracked 
| 153|0x0000000614400000, 0x0000000614400000, 0x0000000614600000|  0%| F|  |TAMS 0x0000000614400000, 0x0000000614400000| Untracked 
| 154|0x0000000614600000, 0x0000000614600000, 0x0000000614800000|  0%| F|  |TAMS 0x0000000614600000, 0x0000000614600000| Untracked 
| 155|0x0000000614800000, 0x0000000614800000, 0x0000000614a00000|  0%| F|  |TAMS 0x0000000614800000, 0x0000000614800000| Untracked 
| 156|0x0000000614a00000, 0x0000000614a00000, 0x0000000614c00000|  0%| F|  |TAMS 0x0000000614a00000, 0x0000000614a00000| Untracked 
| 157|0x0000000614c00000, 0x0000000614c00000, 0x0000000614e00000|  0%| F|  |TAMS 0x0000000614c00000, 0x0000000614c00000| Untracked 
| 158|0x0000000614e00000, 0x0000000614e00000, 0x0000000615000000|  0%| F|  |TAMS 0x0000000614e00000, 0x0000000614e00000| Untracked 
| 159|0x0000000615000000, 0x0000000615000000, 0x0000000615200000|  0%| F|  |TAMS 0x0000000615000000, 0x0000000615000000| Untracked 
| 160|0x0000000615200000, 0x0000000615200000, 0x0000000615400000|  0%| F|  |TAMS 0x0000000615200000, 0x0000000615200000| Untracked 
| 161|0x0000000615400000, 0x0000000615400000, 0x0000000615600000|  0%| F|  |TAMS 0x0000000615400000, 0x0000000615400000| Untracked 
| 162|0x0000000615600000, 0x0000000615600000, 0x0000000615800000|  0%| F|  |TAMS 0x0000000615600000, 0x0000000615600000| Untracked 
| 163|0x0000000615800000, 0x0000000615800000, 0x0000000615a00000|  0%| F|  |TAMS 0x0000000615800000, 0x0000000615800000| Untracked 
| 164|0x0000000615a00000, 0x0000000615a00000, 0x0000000615c00000|  0%| F|  |TAMS 0x0000000615a00000, 0x0000000615a00000| Untracked 
| 165|0x0000000615c00000, 0x0000000615c00000, 0x0000000615e00000|  0%| F|  |TAMS 0x0000000615c00000, 0x0000000615c00000| Untracked 
| 166|0x0000000615e00000, 0x0000000615e00000, 0x0000000616000000|  0%| F|  |TAMS 0x0000000615e00000, 0x0000000615e00000| Untracked 
| 167|0x0000000616000000, 0x0000000616000000, 0x0000000616200000|  0%| F|  |TAMS 0x0000000616000000, 0x0000000616000000| Untracked 
| 168|0x0000000616200000, 0x0000000616200000, 0x0000000616400000|  0%| F|  |TAMS 0x0000000616200000, 0x0000000616200000| Untracked 
| 169|0x0000000616400000, 0x0000000616400000, 0x0000000616600000|  0%| F|  |TAMS 0x0000000616400000, 0x0000000616400000| Untracked 
| 170|0x0000000616600000, 0x0000000616600000, 0x0000000616800000|  0%| F|  |TAMS 0x0000000616600000, 0x0000000616600000| Untracked 
| 171|0x0000000616800000, 0x0000000616800000, 0x0000000616a00000|  0%| F|  |TAMS 0x0000000616800000, 0x0000000616800000| Untracked 
| 172|0x0000000616a00000, 0x0000000616a00000, 0x0000000616c00000|  0%| F|  |TAMS 0x0000000616a00000, 0x0000000616a00000| Untracked 
| 173|0x0000000616c00000, 0x0000000616c00000, 0x0000000616e00000|  0%| F|  |TAMS 0x0000000616c00000, 0x0000000616c00000| Untracked 
| 174|0x0000000616e00000, 0x0000000616e00000, 0x0000000617000000|  0%| F|  |TAMS 0x0000000616e00000, 0x0000000616e00000| Untracked 
| 175|0x0000000617000000, 0x0000000617000000, 0x0000000617200000|  0%| F|  |TAMS 0x0000000617000000, 0x0000000617000000| Untracked 
| 176|0x0000000617200000, 0x0000000617200000, 0x0000000617400000|  0%| F|  |TAMS 0x0000000617200000, 0x0000000617200000| Untracked 
| 177|0x0000000617400000, 0x0000000617400000, 0x0000000617600000|  0%| F|  |TAMS 0x0000000617400000, 0x0000000617400000| Untracked 
| 178|0x0000000617600000, 0x0000000617600000, 0x0000000617800000|  0%| F|  |TAMS 0x0000000617600000, 0x0000000617600000| Untracked 
| 179|0x0000000617800000, 0x0000000617800000, 0x0000000617a00000|  0%| F|  |TAMS 0x0000000617800000, 0x0000000617800000| Untracked 
| 180|0x0000000617a00000, 0x0000000617a00000, 0x0000000617c00000|  0%| F|  |TAMS 0x0000000617a00000, 0x0000000617a00000| Untracked 
| 181|0x0000000617c00000, 0x0000000617c00000, 0x0000000617e00000|  0%| F|  |TAMS 0x0000000617c00000, 0x0000000617c00000| Untracked 
| 182|0x0000000617e00000, 0x0000000617e00000, 0x0000000618000000|  0%| F|  |TAMS 0x0000000617e00000, 0x0000000617e00000| Untracked 
| 183|0x0000000618000000, 0x0000000618000000, 0x0000000618200000|  0%| F|  |TAMS 0x0000000618000000, 0x0000000618000000| Untracked 
| 184|0x0000000618200000, 0x0000000618200000, 0x0000000618400000|  0%| F|  |TAMS 0x0000000618200000, 0x0000000618200000| Untracked 
| 185|0x0000000618400000, 0x0000000618400000, 0x0000000618600000|  0%| F|  |TAMS 0x0000000618400000, 0x0000000618400000| Untracked 
| 186|0x0000000618600000, 0x0000000618600000, 0x0000000618800000|  0%| F|  |TAMS 0x0000000618600000, 0x0000000618600000| Untracked 
| 187|0x0000000618800000, 0x0000000618800000, 0x0000000618a00000|  0%| F|  |TAMS 0x0000000618800000, 0x0000000618800000| Untracked 
| 188|0x0000000618a00000, 0x0000000618a00000, 0x0000000618c00000|  0%| F|  |TAMS 0x0000000618a00000, 0x0000000618a00000| Untracked 
| 189|0x0000000618c00000, 0x0000000618c00000, 0x0000000618e00000|  0%| F|  |TAMS 0x0000000618c00000, 0x0000000618c00000| Untracked 
| 190|0x0000000618e00000, 0x0000000618e00000, 0x0000000619000000|  0%| F|  |TAMS 0x0000000618e00000, 0x0000000618e00000| Untracked 
| 191|0x0000000619000000, 0x0000000619000000, 0x0000000619200000|  0%| F|  |TAMS 0x0000000619000000, 0x0000000619000000| Untracked 
| 192|0x0000000619200000, 0x0000000619200000, 0x0000000619400000|  0%| F|  |TAMS 0x0000000619200000, 0x0000000619200000| Untracked 
| 193|0x0000000619400000, 0x0000000619400000, 0x0000000619600000|  0%| F|  |TAMS 0x0000000619400000, 0x0000000619400000| Untracked 
| 194|0x0000000619600000, 0x0000000619600000, 0x0000000619800000|  0%| F|  |TAMS 0x0000000619600000, 0x0000000619600000| Untracked 
| 195|0x0000000619800000, 0x0000000619800000, 0x0000000619a00000|  0%| F|  |TAMS 0x0000000619800000, 0x0000000619800000| Untracked 
| 196|0x0000000619a00000, 0x0000000619a00000, 0x0000000619c00000|  0%| F|  |TAMS 0x0000000619a00000, 0x0000000619a00000| Untracked 
| 197|0x0000000619c00000, 0x0000000619c00000, 0x0000000619e00000|  0%| F|  |TAMS 0x0000000619c00000, 0x0000000619c00000| Untracked 
| 198|0x0000000619e00000, 0x0000000619e00000, 0x000000061a000000|  0%| F|  |TAMS 0x0000000619e00000, 0x0000000619e00000| Untracked 
| 199|0x000000061a000000, 0x000000061a000000, 0x000000061a200000|  0%| F|  |TAMS 0x000000061a000000, 0x000000061a000000| Untracked 
| 200|0x000000061a200000, 0x000000061a200000, 0x000000061a400000|  0%| F|  |TAMS 0x000000061a200000, 0x000000061a200000| Untracked 
| 201|0x000000061a400000, 0x000000061a400000, 0x000000061a600000|  0%| F|  |TAMS 0x000000061a400000, 0x000000061a400000| Untracked 
| 202|0x000000061a600000, 0x000000061a600000, 0x000000061a800000|  0%| F|  |TAMS 0x000000061a600000, 0x000000061a600000| Untracked 
| 203|0x000000061a800000, 0x000000061a800000, 0x000000061aa00000|  0%| F|  |TAMS 0x000000061a800000, 0x000000061a800000| Untracked 
| 204|0x000000061aa00000, 0x000000061aa00000, 0x000000061ac00000|  0%| F|  |TAMS 0x000000061aa00000, 0x000000061aa00000| Untracked 
| 205|0x000000061ac00000, 0x000000061ac00000, 0x000000061ae00000|  0%| F|  |TAMS 0x000000061ac00000, 0x000000061ac00000| Untracked 
| 206|0x000000061ae00000, 0x000000061ae00000, 0x000000061b000000|  0%| F|  |TAMS 0x000000061ae00000, 0x000000061ae00000| Untracked 
| 207|0x000000061b000000, 0x000000061b000000, 0x000000061b200000|  0%| F|  |TAMS 0x000000061b000000, 0x000000061b000000| Untracked 
| 208|0x000000061b200000, 0x000000061b200000, 0x000000061b400000|  0%| F|  |TAMS 0x000000061b200000, 0x000000061b200000| Untracked 
| 209|0x000000061b400000, 0x000000061b400000, 0x000000061b600000|  0%| F|  |TAMS 0x000000061b400000, 0x000000061b400000| Untracked 
| 210|0x000000061b600000, 0x000000061b600000, 0x000000061b800000|  0%| F|  |TAMS 0x000000061b600000, 0x000000061b600000| Untracked 
| 211|0x000000061b800000, 0x000000061b800000, 0x000000061ba00000|  0%| F|  |TAMS 0x000000061b800000, 0x000000061b800000| Untracked 
| 212|0x000000061ba00000, 0x000000061ba00000, 0x000000061bc00000|  0%| F|  |TAMS 0x000000061ba00000, 0x000000061ba00000| Untracked 
| 213|0x000000061bc00000, 0x000000061bc00000, 0x000000061be00000|  0%| F|  |TAMS 0x000000061bc00000, 0x000000061bc00000| Untracked 
| 214|0x000000061be00000, 0x000000061be00000, 0x000000061c000000|  0%| F|  |TAMS 0x000000061be00000, 0x000000061be00000| Untracked 
| 215|0x000000061c000000, 0x000000061c000000, 0x000000061c200000|  0%| F|  |TAMS 0x000000061c000000, 0x000000061c000000| Untracked 
| 216|0x000000061c200000, 0x000000061c200000, 0x000000061c400000|  0%| F|  |TAMS 0x000000061c200000, 0x000000061c200000| Untracked 
| 217|0x000000061c400000, 0x000000061c400000, 0x000000061c600000|  0%| F|  |TAMS 0x000000061c400000, 0x000000061c400000| Untracked 
| 218|0x000000061c600000, 0x000000061c600000, 0x000000061c800000|  0%| F|  |TAMS 0x000000061c600000, 0x000000061c600000| Untracked 
| 219|0x000000061c800000, 0x000000061c800000, 0x000000061ca00000|  0%| F|  |TAMS 0x000000061c800000, 0x000000061c800000| Untracked 
| 220|0x000000061ca00000, 0x000000061ca00000, 0x000000061cc00000|  0%| F|  |TAMS 0x000000061ca00000, 0x000000061ca00000| Untracked 
| 221|0x000000061cc00000, 0x000000061cc00000, 0x000000061ce00000|  0%| F|  |TAMS 0x000000061cc00000, 0x000000061cc00000| Untracked 
| 222|0x000000061ce00000, 0x000000061ce00000, 0x000000061d000000|  0%| F|  |TAMS 0x000000061ce00000, 0x000000061ce00000| Untracked 
| 223|0x000000061d000000, 0x000000061d000000, 0x000000061d200000|  0%| F|  |TAMS 0x000000061d000000, 0x000000061d000000| Untracked 
| 224|0x000000061d200000, 0x000000061d2a6320, 0x000000061d400000| 32%| S|CS|TAMS 0x000000061d200000, 0x000000061d200000| Complete 
| 225|0x000000061d400000, 0x000000061d600000, 0x000000061d600000|100%| S|CS|TAMS 0x000000061d400000, 0x000000061d400000| Complete 
| 226|0x000000061d600000, 0x000000061d800000, 0x000000061d800000|100%| S|CS|TAMS 0x000000061d600000, 0x000000061d600000| Complete 
| 227|0x000000061d800000, 0x000000061da00000, 0x000000061da00000|100%| S|CS|TAMS 0x000000061d800000, 0x000000061d800000| Complete 
| 228|0x000000061da00000, 0x000000061dc00000, 0x000000061dc00000|100%| S|CS|TAMS 0x000000061da00000, 0x000000061da00000| Complete 
| 229|0x000000061dc00000, 0x000000061dc00000, 0x000000061de00000|  0%| F|  |TAMS 0x000000061dc00000, 0x000000061dc00000| Untracked 
| 230|0x000000061de00000, 0x000000061de00000, 0x000000061e000000|  0%| F|  |TAMS 0x000000061de00000, 0x000000061de00000| Untracked 
| 231|0x000000061e000000, 0x000000061e000000, 0x000000061e200000|  0%| F|  |TAMS 0x000000061e000000, 0x000000061e000000| Untracked 
| 232|0x000000061e200000, 0x000000061e200000, 0x000000061e400000|  0%| F|  |TAMS 0x000000061e200000, 0x000000061e200000| Untracked 
| 233|0x000000061e400000, 0x000000061e400000, 0x000000061e600000|  0%| F|  |TAMS 0x000000061e400000, 0x000000061e400000| Untracked 
| 234|0x000000061e600000, 0x000000061e600000, 0x000000061e800000|  0%| F|  |TAMS 0x000000061e600000, 0x000000061e600000| Untracked 
| 235|0x000000061e800000, 0x000000061e800000, 0x000000061ea00000|  0%| F|  |TAMS 0x000000061e800000, 0x000000061e800000| Untracked 
| 236|0x000000061ea00000, 0x000000061ea00000, 0x000000061ec00000|  0%| F|  |TAMS 0x000000061ea00000, 0x000000061ea00000| Untracked 
| 237|0x000000061ec00000, 0x000000061ec00000, 0x000000061ee00000|  0%| F|  |TAMS 0x000000061ec00000, 0x000000061ec00000| Untracked 
| 238|0x000000061ee00000, 0x000000061ee00000, 0x000000061f000000|  0%| F|  |TAMS 0x000000061ee00000, 0x000000061ee00000| Untracked 
| 239|0x000000061f000000, 0x000000061f000000, 0x000000061f200000|  0%| F|  |TAMS 0x000000061f000000, 0x000000061f000000| Untracked 
| 240|0x000000061f200000, 0x000000061f200000, 0x000000061f400000|  0%| F|  |TAMS 0x000000061f200000, 0x000000061f200000| Untracked 
| 241|0x000000061f400000, 0x000000061f400000, 0x000000061f600000|  0%| F|  |TAMS 0x000000061f400000, 0x000000061f400000| Untracked 
| 242|0x000000061f600000, 0x000000061f600000, 0x000000061f800000|  0%| F|  |TAMS 0x000000061f600000, 0x000000061f600000| Untracked 
| 243|0x000000061f800000, 0x000000061f800000, 0x000000061fa00000|  0%| F|  |TAMS 0x000000061f800000, 0x000000061f800000| Untracked 
| 244|0x000000061fa00000, 0x000000061fa00000, 0x000000061fc00000|  0%| F|  |TAMS 0x000000061fa00000, 0x000000061fa00000| Untracked 
| 245|0x000000061fc00000, 0x000000061fc00000, 0x000000061fe00000|  0%| F|  |TAMS 0x000000061fc00000, 0x000000061fc00000| Untracked 
| 246|0x000000061fe00000, 0x000000061fe00000, 0x0000000620000000|  0%| F|  |TAMS 0x000000061fe00000, 0x000000061fe00000| Untracked 
| 247|0x0000000620000000, 0x0000000620000000, 0x0000000620200000|  0%| F|  |TAMS 0x0000000620000000, 0x0000000620000000| Untracked 
| 248|0x0000000620200000, 0x0000000620200000, 0x0000000620400000|  0%| F|  |TAMS 0x0000000620200000, 0x0000000620200000| Untracked 
| 249|0x0000000620400000, 0x0000000620400000, 0x0000000620600000|  0%| F|  |TAMS 0x0000000620400000, 0x0000000620400000| Untracked 
| 250|0x0000000620600000, 0x0000000620600000, 0x0000000620800000|  0%| F|  |TAMS 0x0000000620600000, 0x0000000620600000| Untracked 
| 251|0x0000000620800000, 0x0000000620800000, 0x0000000620a00000|  0%| F|  |TAMS 0x0000000620800000, 0x0000000620800000| Untracked 
| 252|0x0000000620a00000, 0x0000000620a00000, 0x0000000620c00000|  0%| F|  |TAMS 0x0000000620a00000, 0x0000000620a00000| Untracked 
| 253|0x0000000620c00000, 0x0000000620c00000, 0x0000000620e00000|  0%| F|  |TAMS 0x0000000620c00000, 0x0000000620c00000| Untracked 
| 254|0x0000000620e00000, 0x0000000620e00000, 0x0000000621000000|  0%| F|  |TAMS 0x0000000620e00000, 0x0000000620e00000| Untracked 
| 255|0x0000000621000000, 0x0000000621000000, 0x0000000621200000|  0%| F|  |TAMS 0x0000000621000000, 0x0000000621000000| Untracked 
| 256|0x0000000621200000, 0x0000000621200000, 0x0000000621400000|  0%| F|  |TAMS 0x0000000621200000, 0x0000000621200000| Untracked 
| 257|0x0000000621400000, 0x0000000621400000, 0x0000000621600000|  0%| F|  |TAMS 0x0000000621400000, 0x0000000621400000| Untracked 
| 258|0x0000000621600000, 0x0000000621600000, 0x0000000621800000|  0%| F|  |TAMS 0x0000000621600000, 0x0000000621600000| Untracked 
| 259|0x0000000621800000, 0x0000000621800000, 0x0000000621a00000|  0%| F|  |TAMS 0x0000000621800000, 0x0000000621800000| Untracked 
| 260|0x0000000621a00000, 0x0000000621a00000, 0x0000000621c00000|  0%| F|  |TAMS 0x0000000621a00000, 0x0000000621a00000| Untracked 
| 261|0x0000000621c00000, 0x0000000621c00000, 0x0000000621e00000|  0%| F|  |TAMS 0x0000000621c00000, 0x0000000621c00000| Untracked 
| 262|0x0000000621e00000, 0x0000000621e00000, 0x0000000622000000|  0%| F|  |TAMS 0x0000000621e00000, 0x0000000621e00000| Untracked 
| 263|0x0000000622000000, 0x0000000622000000, 0x0000000622200000|  0%| F|  |TAMS 0x0000000622000000, 0x0000000622000000| Untracked 
| 264|0x0000000622200000, 0x0000000622200000, 0x0000000622400000|  0%| F|  |TAMS 0x0000000622200000, 0x0000000622200000| Untracked 
| 265|0x0000000622400000, 0x0000000622400000, 0x0000000622600000|  0%| F|  |TAMS 0x0000000622400000, 0x0000000622400000| Untracked 
| 266|0x0000000622600000, 0x0000000622600000, 0x0000000622800000|  0%| F|  |TAMS 0x0000000622600000, 0x0000000622600000| Untracked 
| 267|0x0000000622800000, 0x0000000622800000, 0x0000000622a00000|  0%| F|  |TAMS 0x0000000622800000, 0x0000000622800000| Untracked 
| 268|0x0000000622a00000, 0x0000000622a00000, 0x0000000622c00000|  0%| F|  |TAMS 0x0000000622a00000, 0x0000000622a00000| Untracked 
| 269|0x0000000622c00000, 0x0000000622c00000, 0x0000000622e00000|  0%| F|  |TAMS 0x0000000622c00000, 0x0000000622c00000| Untracked 
| 270|0x0000000622e00000, 0x0000000622e00000, 0x0000000623000000|  0%| F|  |TAMS 0x0000000622e00000, 0x0000000622e00000| Untracked 
| 271|0x0000000623000000, 0x0000000623000000, 0x0000000623200000|  0%| F|  |TAMS 0x0000000623000000, 0x0000000623000000| Untracked 
| 272|0x0000000623200000, 0x0000000623200000, 0x0000000623400000|  0%| F|  |TAMS 0x0000000623200000, 0x0000000623200000| Untracked 
| 273|0x0000000623400000, 0x0000000623400000, 0x0000000623600000|  0%| F|  |TAMS 0x0000000623400000, 0x0000000623400000| Untracked 
| 274|0x0000000623600000, 0x0000000623600000, 0x0000000623800000|  0%| F|  |TAMS 0x0000000623600000, 0x0000000623600000| Untracked 
| 275|0x0000000623800000, 0x0000000623800000, 0x0000000623a00000|  0%| F|  |TAMS 0x0000000623800000, 0x0000000623800000| Untracked 
| 276|0x0000000623a00000, 0x0000000623a00000, 0x0000000623c00000|  0%| F|  |TAMS 0x0000000623a00000, 0x0000000623a00000| Untracked 
| 277|0x0000000623c00000, 0x0000000623c00000, 0x0000000623e00000|  0%| F|  |TAMS 0x0000000623c00000, 0x0000000623c00000| Untracked 
| 278|0x0000000623e00000, 0x0000000623e00000, 0x0000000624000000|  0%| F|  |TAMS 0x0000000623e00000, 0x0000000623e00000| Untracked 
| 279|0x0000000624000000, 0x0000000624000000, 0x0000000624200000|  0%| F|  |TAMS 0x0000000624000000, 0x0000000624000000| Untracked 
| 280|0x0000000624200000, 0x0000000624200000, 0x0000000624400000|  0%| F|  |TAMS 0x0000000624200000, 0x0000000624200000| Untracked 
| 281|0x0000000624400000, 0x0000000624400000, 0x0000000624600000|  0%| F|  |TAMS 0x0000000624400000, 0x0000000624400000| Untracked 
| 282|0x0000000624600000, 0x0000000624600000, 0x0000000624800000|  0%| F|  |TAMS 0x0000000624600000, 0x0000000624600000| Untracked 
| 283|0x0000000624800000, 0x0000000624800000, 0x0000000624a00000|  0%| F|  |TAMS 0x0000000624800000, 0x0000000624800000| Untracked 
| 284|0x0000000624a00000, 0x0000000624a00000, 0x0000000624c00000|  0%| F|  |TAMS 0x0000000624a00000, 0x0000000624a00000| Untracked 
| 285|0x0000000624c00000, 0x0000000624c00000, 0x0000000624e00000|  0%| F|  |TAMS 0x0000000624c00000, 0x0000000624c00000| Untracked 
| 286|0x0000000624e00000, 0x0000000624e00000, 0x0000000625000000|  0%| F|  |TAMS 0x0000000624e00000, 0x0000000624e00000| Untracked 
| 287|0x0000000625000000, 0x0000000625000000, 0x0000000625200000|  0%| F|  |TAMS 0x0000000625000000, 0x0000000625000000| Untracked 
| 288|0x0000000625200000, 0x0000000625200000, 0x0000000625400000|  0%| F|  |TAMS 0x0000000625200000, 0x0000000625200000| Untracked 
| 289|0x0000000625400000, 0x0000000625400000, 0x0000000625600000|  0%| F|  |TAMS 0x0000000625400000, 0x0000000625400000| Untracked 
| 290|0x0000000625600000, 0x0000000625600000, 0x0000000625800000|  0%| F|  |TAMS 0x0000000625600000, 0x0000000625600000| Untracked 
| 291|0x0000000625800000, 0x0000000625800000, 0x0000000625a00000|  0%| F|  |TAMS 0x0000000625800000, 0x0000000625800000| Untracked 
| 292|0x0000000625a00000, 0x0000000625a00000, 0x0000000625c00000|  0%| F|  |TAMS 0x0000000625a00000, 0x0000000625a00000| Untracked 
| 293|0x0000000625c00000, 0x0000000625c00000, 0x0000000625e00000|  0%| F|  |TAMS 0x0000000625c00000, 0x0000000625c00000| Untracked 
| 294|0x0000000625e00000, 0x0000000625e00000, 0x0000000626000000|  0%| F|  |TAMS 0x0000000625e00000, 0x0000000625e00000| Untracked 
| 295|0x0000000626000000, 0x0000000626000000, 0x0000000626200000|  0%| F|  |TAMS 0x0000000626000000, 0x0000000626000000| Untracked 
| 296|0x0000000626200000, 0x0000000626200000, 0x0000000626400000|  0%| F|  |TAMS 0x0000000626200000, 0x0000000626200000| Untracked 
| 297|0x0000000626400000, 0x0000000626400000, 0x0000000626600000|  0%| F|  |TAMS 0x0000000626400000, 0x0000000626400000| Untracked 
| 298|0x0000000626600000, 0x0000000626600000, 0x0000000626800000|  0%| F|  |TAMS 0x0000000626600000, 0x0000000626600000| Untracked 
| 299|0x0000000626800000, 0x0000000626800000, 0x0000000626a00000|  0%| F|  |TAMS 0x0000000626800000, 0x0000000626800000| Untracked 
| 300|0x0000000626a00000, 0x0000000626a00000, 0x0000000626c00000|  0%| F|  |TAMS 0x0000000626a00000, 0x0000000626a00000| Untracked 
| 301|0x0000000626c00000, 0x0000000626c00000, 0x0000000626e00000|  0%| F|  |TAMS 0x0000000626c00000, 0x0000000626c00000| Untracked 
| 302|0x0000000626e00000, 0x0000000626e00000, 0x0000000627000000|  0%| F|  |TAMS 0x0000000626e00000, 0x0000000626e00000| Untracked 
| 303|0x0000000627000000, 0x0000000627000000, 0x0000000627200000|  0%| F|  |TAMS 0x0000000627000000, 0x0000000627000000| Untracked 
| 304|0x0000000627200000, 0x0000000627300800, 0x0000000627400000| 50%| E|  |TAMS 0x0000000627200000, 0x0000000627200000| Complete 
| 305|0x0000000627400000, 0x0000000627600000, 0x0000000627600000|100%| E|CS|TAMS 0x0000000627400000, 0x0000000627400000| Complete 
| 306|0x0000000627600000, 0x0000000627800000, 0x0000000627800000|100%| E|CS|TAMS 0x0000000627600000, 0x0000000627600000| Complete 
| 307|0x0000000627800000, 0x0000000627a00000, 0x0000000627a00000|100%| E|CS|TAMS 0x0000000627800000, 0x0000000627800000| Complete 

Card table byte_map: [0x00000207b09a0000,0x00000207b19a0000] _byte_map_base: 0x00000207ad997000

Marking Bits (Prev, Next): (CMBitMap*) 0x00000207980340f8, (CMBitMap*) 0x0000020798034130
 Prev Bits: [0x00000207b29a0000, 0x00000207ba958000)
 Next Bits: [0x00000207ba960000, 0x00000207c2918000)

Polling page: 0x0000020795cf0000

Metaspace:

Usage:
  Non-class:     30.67 MB capacity,    30.01 MB ( 98%) used,   544.45 KB (  2%) free+waste,   129.88 KB ( <1%) overhead. 
      Class:      4.77 MB capacity,     4.33 MB ( 91%) used,   387.55 KB (  8%) free+waste,    65.81 KB (  1%) overhead. 
       Both:     35.44 MB capacity,    34.34 MB ( 97%) used,   932.01 KB (  3%) free+waste,   195.69 KB ( <1%) overhead. 

Virtual space:
  Non-class space:       32.00 MB reserved,      30.83 MB ( 96%) committed 
      Class space:        1.00 GB reserved,       4.88 MB ( <1%) committed 
             Both:        1.03 GB reserved,      35.70 MB (  3%) committed 

Chunk freelists:
   Non-Class:  256 bytes
       Class:  896 bytes
        Both:  1.13 KB

CodeHeap 'non-profiled nmethods': size=238336Kb used=5343Kb max_used=5343Kb free=232992Kb
 bounds [0x00000207a0b90000, 0x00000207a10d0000, 0x00000207af450000]
CodeHeap 'non-nmethods': size=7424Kb used=1172Kb max_used=1172Kb free=6251Kb
 bounds [0x00000207a0450000, 0x00000207a06c0000, 0x00000207a0b90000]
 total_blobs=3983 nmethods=3480 adapters=428
 compilation: enabled
              stopped_count=0, restarted_count=0
 full_count=0

Compilation events (10 events):
Event: 1.321 Thread 0x00000207c60af800 3478       1       org.springframework.beans.factory.support.AbstractBeanFactory::getType (7 bytes)
Event: 1.321 Thread 0x00000207c60af800 nmethod 3478 0x00000207a10c4490 code [0x00000207a10c4640, 0x00000207a10c4728]
Event: 1.321 Thread 0x00000207c60af800 3479       1       org.springframework.beans.factory.support.AbstractBeanFactory::getType (235 bytes)
Event: 1.322 Thread 0x00000207c60af800 nmethod 3479 0x00000207a10c4810 code [0x00000207a10c4ac0, 0x00000207a10c5438]
Event: 1.322 Thread 0x00000207c60af800 3474       1       java.lang.reflect.ProxyGenerator::computeUniqueCatchList (163 bytes)
Event: 1.322 Thread 0x00000207c60af800 nmethod 3474 0x00000207a10c5a10 code [0x00000207a10c5cc0, 0x00000207a10c6838]
Event: 1.322 Thread 0x00000207c60af800 3476       1       java.lang.reflect.ProxyGenerator$FieldInfo::write (50 bytes)
Event: 1.323 Thread 0x00000207c60af800 nmethod 3476 0x00000207a10c7090 code [0x00000207a10c72e0, 0x00000207a10c7818]
Event: 1.323 Thread 0x00000207c60af800 3480       1       java.beans.PropertyEditorSupport::setSource (6 bytes)
Event: 1.323 Thread 0x00000207c60af800 nmethod 3480 0x00000207a10c7b10 code [0x00000207a10c7ca0, 0x00000207a10c7db8]

GC Heap History (10 events):
Event: 0.419 GC heap before
{Heap before GC invocations=0 (full 0):
 garbage-first heap   total 524288K, used 22528K [0x0000000601200000, 0x0000000800000000)
  region size 2048K, 12 young (24576K), 0 survivors (0K)
 Metaspace       used 13847K, capacity 14235K, committed 14464K, reserved 1062912K
  class space    used 1448K, capacity 1555K, committed 1664K, reserved 1048576K
}
Event: 0.422 GC heap after
{Heap after GC invocations=1 (full 0):
 garbage-first heap   total 524288K, used 8296K [0x0000000601200000, 0x0000000800000000)
  region size 2048K, 2 young (4096K), 2 survivors (4096K)
 Metaspace       used 13847K, capacity 14235K, committed 14464K, reserved 1062912K
  class space    used 1448K, capacity 1555K, committed 1664K, reserved 1048576K
}
Event: 0.664 GC heap before
{Heap before GC invocations=1 (full 0):
 garbage-first heap   total 524288K, used 47208K [0x0000000601200000, 0x0000000800000000)
  region size 2048K, 22 young (45056K), 2 survivors (4096K)
 Metaspace       used 20636K, capacity 21229K, committed 21296K, reserved 1069056K
  class space    used 2416K, capacity 2669K, committed 2688K, reserved 1048576K
}
Event: 0.666 GC heap after
{Heap after GC invocations=2 (full 0):
 garbage-first heap   total 524288K, used 10173K [0x0000000601200000, 0x0000000800000000)
  region size 2048K, 3 young (6144K), 3 survivors (6144K)
 Metaspace       used 20636K, capacity 21229K, committed 21296K, reserved 1069056K
  class space    used 2416K, capacity 2669K, committed 2688K, reserved 1048576K
}
Event: 0.817 GC heap before
{Heap before GC invocations=3 (full 0):
 garbage-first heap   total 524288K, used 53181K [0x0000000601200000, 0x0000000800000000)
  region size 2048K, 24 young (49152K), 3 survivors (6144K)
 Metaspace       used 27196K, capacity 27960K, committed 28208K, reserved 1073152K
  class space    used 3301K, capacity 3618K, committed 3712K, reserved 1048576K
}
Event: 0.820 GC heap after
{Heap after GC invocations=4 (full 0):
 garbage-first heap   total 524288K, used 13132K [0x0000000601200000, 0x0000000800000000)
  region size 2048K, 3 young (6144K), 3 survivors (6144K)
 Metaspace       used 27196K, capacity 27960K, committed 28208K, reserved 1073152K
  class space    used 3301K, capacity 3618K, committed 3712K, reserved 1048576K
}
Event: 0.966 GC heap before
{Heap before GC invocations=4 (full 0):
 garbage-first heap   total 524288K, used 74572K [0x0000000601200000, 0x0000000800000000)
  region size 2048K, 34 young (69632K), 3 survivors (6144K)
 Metaspace       used 30074K, capacity 30909K, committed 31152K, reserved 1077248K
  class space    used 3665K, capacity 3986K, committed 4096K, reserved 1048576K
}
Event: 0.969 GC heap after
{Heap after GC invocations=5 (full 0):
 garbage-first heap   total 524288K, used 14697K [0x0000000601200000, 0x0000000800000000)
  region size 2048K, 4 young (8192K), 4 survivors (8192K)
 Metaspace       used 30074K, capacity 30909K, committed 31152K, reserved 1077248K
  class space    used 3665K, capacity 3986K, committed 4096K, reserved 1048576K
}
Event: 1.278 GC heap before
{Heap before GC invocations=5 (full 0):
 garbage-first heap   total 524288K, used 67945K [0x0000000601200000, 0x0000000800000000)
  region size 2048K, 31 young (63488K), 4 survivors (8192K)
 Metaspace       used 34718K, capacity 35838K, committed 35920K, reserved 1081344K
  class space    used 4358K, capacity 4807K, committed 4864K, reserved 1048576K
}
Event: 1.284 GC heap after
{Heap after GC invocations=6 (full 0):
 garbage-first heap   total 630784K, used 17066K [0x0000000601200000, 0x0000000800000000)
  region size 2048K, 5 young (10240K), 5 survivors (10240K)
 Metaspace       used 34718K, capacity 35838K, committed 35920K, reserved 1081344K
  class space    used 4358K, capacity 4807K, committed 4864K, reserved 1048576K
}

Deoptimization events (0 events):
No events

Classes redefined (0 events):
No events

Internal exceptions (10 events):
Event: 1.250 Thread 0x00000207c7f4a000 Exception <a 'java/lang/NoSuchMethodError'{0x000000061e00c988}: static [B.<clinit>()V> (0x000000061e00c988) thrown at [./open/src/hotspot/share/prims/jni.cpp, line 1362]
Event: 1.260 Thread 0x00000207c7f4a000 Exception <a 'java/lang/ClassNotFoundException'{0x000000061e04fe68}: javax/management/remote/rmi/RMIConnectionImpl_Skel> (0x000000061e04fe68) thrown at [./open/src/hotspot/share/classfile/systemDictionary.cpp, line 228]
Event: 1.260 Thread 0x00000207c7f82000 Exception <a 'java/lang/NoSuchMethodError'{0x000000061df482a8}: java.lang.invoke.Invokers$Holder.linkToTargetMethod(Ljava/lang/Object;JLjava/lang/Object;)Ljava/lang/Object;> (0x000000061df482a8) thrown at [./open/src/hotspot/share/interpreter/linkResolver
Event: 1.273 Thread 0x00000207c7f4a000 Exception <a 'java/lang/reflect/InvocationTargetException'{0x000000061e083a40}> (0x000000061e083a40) thrown at [./open/src/hotspot/share/runtime/reflection.cpp, line 1242]
Event: 1.274 Thread 0x00000207c7f4a000 Exception <a 'java/lang/NoSuchMethodError'{0x000000061e0a7060}: static [Ljava/lang/StackTraceElement;.<clinit>()V> (0x000000061e0a7060) thrown at [./open/src/hotspot/share/prims/jni.cpp, line 1362]
Event: 1.309 Thread 0x0000020797fb0000 Exception <a 'java/lang/NoClassDefFoundError'{0x00000006274061f8}: org/flywaydb/core/Flyway> (0x00000006274061f8) thrown at [./open/src/hotspot/share/classfile/systemDictionary.cpp, line 217]
Event: 1.309 Thread 0x0000020797fb0000 Exception <a 'java/lang/NoClassDefFoundError'{0x000000062740d650}: liquibase/integration/spring/SpringLiquibase> (0x000000062740d650) thrown at [./open/src/hotspot/share/classfile/systemDictionary.cpp, line 217]
Event: 1.312 Thread 0x0000020797fb0000 Exception <a 'java/lang/NoClassDefFoundError'{0x000000062748a900}: org/springframework/batch/core/repository/JobRepository> (0x000000062748a900) thrown at [./open/src/hotspot/share/classfile/systemDictionary.cpp, line 217]
Event: 1.312 Thread 0x0000020797fb0000 Exception <a 'java/lang/NoClassDefFoundError'{0x0000000627490598}: org/quartz/Scheduler> (0x0000000627490598) thrown at [./open/src/hotspot/share/classfile/systemDictionary.cpp, line 217]
Event: 1.313 Thread 0x0000020797fb0000 Exception <a 'java/lang/NoClassDefFoundError'{0x0000000627498b00}: org/springframework/session/jdbc/JdbcIndexedSessionRepository> (0x0000000627498b00) thrown at [./open/src/hotspot/share/classfile/systemDictionary.cpp, line 217]

Events (10 events):
Event: 1.322 loading class org/springframework/beans/factory/support/AutowireUtils
Event: 1.322 loading class org/springframework/beans/factory/support/AutowireUtils done
Event: 1.322 loading class org/springframework/beans/factory/support/ConstructorResolver$ConstructorPropertiesChecker
Event: 1.322 loading class org/springframework/beans/factory/support/ConstructorResolver$ConstructorPropertiesChecker done
Event: 1.322 loading class org/springframework/beans/factory/support/ConstructorResolver$ArgumentsHolder
Event: 1.322 loading class org/springframework/beans/factory/support/ConstructorResolver$ArgumentsHolder done
Event: 1.323 loading class java/lang/Class$EnclosingMethodInfo
Event: 1.323 loading class java/lang/Class$EnclosingMethodInfo done
Event: 1.323 loading class org/springframework/util/MethodInvoker
Event: 1.323 loading class org/springframework/util/MethodInvoker done


Dynamic libraries:
0x00007ff76c840000 - 0x00007ff76c84f000 	C:\Program Files\Java\jdk-11.0.11\bin\java.exe
0x00007ffd57590000 - 0x00007ffd57785000 	C:\Windows\SYSTEM32\ntdll.dll
0x00007ffd56f70000 - 0x00007ffd5702e000 	C:\Windows\System32\KERNEL32.DLL
0x00007ffd55270000 - 0x00007ffd55538000 	C:\Windows\System32\KERNELBASE.dll
0x00007ffd54f70000 - 0x00007ffd55070000 	C:\Windows\System32\ucrtbase.dll
0x00007ffd49740000 - 0x00007ffd49758000 	C:\Program Files\Java\jdk-11.0.11\bin\jli.dll
0x00007ffd49720000 - 0x00007ffd49735000 	C:\Program Files\Java\jdk-11.0.11\bin\VCRUNTIME140.dll
0x00007ffd57200000 - 0x00007ffd572ae000 	C:\Windows\System32\ADVAPI32.dll
0x00007ffd56dd0000 - 0x00007ffd56e6e000 	C:\Windows\System32\msvcrt.dll
0x00007ffd56e70000 - 0x00007ffd56f0c000 	C:\Windows\System32\sechost.dll
0x00007ffd56620000 - 0x00007ffd56745000 	C:\Windows\System32\RPCRT4.dll
0x00007ffd56c30000 - 0x00007ffd56dd0000 	C:\Windows\System32\USER32.dll
0x00007ffd3ac80000 - 0x00007ffd3af1a000 	C:\Windows\WinSxS\amd64_microsoft.windows.common-controls_6595b64144ccf1df_6.0.19041.1110_none_60b5254171f9507e\COMCTL32.dll
0x00007ffd55240000 - 0x00007ffd55262000 	C:\Windows\System32\win32u.dll
0x00007ffd57320000 - 0x00007ffd5734b000 	C:\Windows\System32\GDI32.dll
0x00007ffd54e60000 - 0x00007ffd54f6d000 	C:\Windows\System32\gdi32full.dll
0x00007ffd55540000 - 0x00007ffd555dd000 	C:\Windows\System32\msvcp_win.dll
0x00007ffd4ceb0000 - 0x00007ffd4ceba000 	C:\Windows\SYSTEM32\VERSION.dll
0x00007ffd555e0000 - 0x00007ffd55610000 	C:\Windows\System32\IMM32.DLL
0x00007ffd30220000 - 0x00007ffd302bb000 	C:\Program Files\Java\jdk-11.0.11\bin\msvcp140.dll
0x00007ffc7b380000 - 0x00007ffc7be7e000 	C:\Program Files\Java\jdk-11.0.11\bin\server\jvm.dll
0x00007ffd571f0000 - 0x00007ffd571f8000 	C:\Windows\System32\PSAPI.DLL
0x00007ffd453f0000 - 0x00007ffd45417000 	C:\Windows\SYSTEM32\WINMM.dll
0x00007ffcba340000 - 0x00007ffcba349000 	C:\Windows\SYSTEM32\WSOCK32.dll
0x00007ffd572b0000 - 0x00007ffd5731b000 	C:\Windows\System32\WS2_32.dll
0x00007ffd52bb0000 - 0x00007ffd52bc2000 	C:\Windows\SYSTEM32\kernel.appcore.dll
0x00007ffd49710000 - 0x00007ffd49720000 	C:\Program Files\Java\jdk-11.0.11\bin\verify.dll
0x00007ffd42bc0000 - 0x00007ffd42da4000 	C:\Windows\SYSTEM32\DBGHELP.DLL
0x00007ffd3ff00000 - 0x00007ffd3ff2c000 	C:\Windows\SYSTEM32\dbgcore.DLL
0x00007ffd54ca0000 - 0x00007ffd54d22000 	C:\Windows\System32\bcryptPrimitives.dll
0x00007ffd496e0000 - 0x00007ffd49708000 	C:\Program Files\Java\jdk-11.0.11\bin\java.dll
0x00007ffd49640000 - 0x00007ffd4964a000 	C:\Program Files\Java\jdk-11.0.11\bin\jimage.dll
0x00007ffd368d0000 - 0x00007ffd368de000 	C:\Program Files\Java\jdk-11.0.11\bin\instrument.dll
0x00007ffd31760000 - 0x00007ffd31776000 	C:\Program Files\Java\jdk-11.0.11\bin\zip.dll
0x00007ffd55b70000 - 0x00007ffd562b4000 	C:\Windows\System32\SHELL32.dll
0x00007ffd52db0000 - 0x00007ffd53544000 	C:\Windows\SYSTEM32\windows.storage.dll
0x00007ffd56860000 - 0x00007ffd56bb5000 	C:\Windows\System32\combase.dll
0x00007ffd546f0000 - 0x00007ffd5471e000 	C:\Windows\SYSTEM32\Wldp.dll
0x00007ffd56750000 - 0x00007ffd567fd000 	C:\Windows\System32\SHCORE.dll
0x00007ffd56bc0000 - 0x00007ffd56c15000 	C:\Windows\System32\shlwapi.dll
0x00007ffd54be0000 - 0x00007ffd54bff000 	C:\Windows\SYSTEM32\profapi.dll
0x00007ffd2fe30000 - 0x00007ffd2fe49000 	C:\Program Files\Java\jdk-11.0.11\bin\net.dll
0x00007ffd4b7e0000 - 0x00007ffd4b8ec000 	C:\Windows\SYSTEM32\WINHTTP.dll
0x00007ffd54450000 - 0x00007ffd544ba000 	C:\Windows\system32\mswsock.dll
0x00007ffd2fe10000 - 0x00007ffd2fe22000 	C:\Program Files\Java\jdk-11.0.11\bin\nio.dll
0x00007ffd367c0000 - 0x00007ffd367da000 	C:\Users\Jeon\AppData\Local\JetBrains\Toolbox\apps\IDEA-U\ch-0\213.6461.79\bin\breakgen64.dll
0x00007ffd54130000 - 0x00007ffd541fb000 	C:\Windows\SYSTEM32\DNSAPI.dll
0x00007ffd540f0000 - 0x00007ffd5412b000 	C:\Windows\SYSTEM32\IPHLPAPI.DLL
0x00007ffd55a90000 - 0x00007ffd55a98000 	C:\Windows\System32\NSI.dll
0x00007ffd415d0000 - 0x00007ffd415da000 	C:\Windows\System32\rasadhlp.dll
0x00007ffd41630000 - 0x00007ffd416af000 	C:\Windows\System32\fwpuclnt.dll
0x00007ffd54e30000 - 0x00007ffd54e57000 	C:\Windows\System32\bcrypt.dll
0x00007ffd3e3a0000 - 0x00007ffd3e3a9000 	C:\Program Files\Java\jdk-11.0.11\bin\management.dll
0x00007ffd3e180000 - 0x00007ffd3e18b000 	C:\Program Files\Java\jdk-11.0.11\bin\management_ext.dll
0x00007ffd54640000 - 0x00007ffd54658000 	C:\Windows\SYSTEM32\CRYPTSP.dll
0x00007ffd53d60000 - 0x00007ffd53d94000 	C:\Windows\system32\rsaenh.dll
0x00007ffd54ba0000 - 0x00007ffd54bce000 	C:\Windows\SYSTEM32\USERENV.dll
0x00007ffd54660000 - 0x00007ffd5466c000 	C:\Windows\SYSTEM32\CRYPTBASE.dll
0x00007ffd4d120000 - 0x00007ffd4d137000 	C:\Windows\SYSTEM32\dhcpcsvc6.DLL
0x00007ffd4e240000 - 0x00007ffd4e25d000 	C:\Windows\SYSTEM32\dhcpcsvc.DLL
0x00007ffd3d6f0000 - 0x00007ffd3d707000 	C:\Windows\system32\napinsp.dll
0x00007ffd3d690000 - 0x00007ffd3d6ab000 	C:\Windows\system32\pnrpnsp.dll
0x00007ffd3e090000 - 0x00007ffd3e0a5000 	C:\Windows\system32\wshbth.dll
0x00007ffd506e0000 - 0x00007ffd506fd000 	C:\Windows\system32\NLAapi.dll
0x00007ffd3e050000 - 0x00007ffd3e062000 	C:\Windows\System32\winrnr.dll

dbghelp: loaded successfully - version: 4.0.5 - missing functions: none
symbol engine: initialized successfully - sym options: 0x614 - pdb path: .;C:\Program Files\Java\jdk-11.0.11\bin;C:\Windows\SYSTEM32;C:\Windows\WinSxS\amd64_microsoft.windows.common-controls_6595b64144ccf1df_6.0.19041.1110_none_60b5254171f9507e;C:\Program Files\Java\jdk-11.0.11\bin\server;C:\Users\Jeon\AppData\Local\JetBrains\Toolbox\apps\IDEA-U\ch-0\213.6461.79\bin

VM Arguments:
jvm_args: -XX:TieredStopAtLevel=1 -Xverify:none -Dspring.output.ansi.enabled=always -Dcom.sun.management.jmxremote -Dspring.jmx.enabled=true -Dspring.liveBeansView.mbeanDomain -Dspring.application.admin.enabled=true -javaagent:C:\Users\Jeon\AppData\Local\JetBrains\Toolbox\apps\IDEA-U\ch-0\213.6461.79\lib\idea_rt.jar=7659:C:\Users\Jeon\AppData\Local\JetBrains\Toolbox\apps\IDEA-U\ch-0\213.6461.79\bin -Dfile.encoding=UTF-8 
java_command: com.kj.WhatShouldIEatTodayBack.WhatShouldIEatTodayBackApplication
java_class_path (initial): C:\Users\Jeon\workspace\springPractice\whatShouldIEatTodayBack\build\classes\java\main;C:\Users\Jeon\workspace\springPractice\whatShouldIEatTodayBack\build\resources\main;C:\Users\Jeon\.gradle\caches\modules-2\files-2.1\org.projectlombok\lombok\1.18.18\481f5bfed3ae29f656eedfe9e98c8365b8ba5c57\lombok-1.18.18.jar;C:\Users\Jeon\.gradle\caches\modules-2\files-2.1\org.springframework.boot\spring-boot-starter-web\2.5.6\46b479490170914f7477b96a21241183b181c24d\spring-boot-starter-web-2.5.6.jar;C:\Users\Jeon\.gradle\caches\modules-2\files-2.1\org.springframework.boot\spring-boot-starter-thymeleaf\2.5.6\fdee98af8d6b6dd5e47e2726e55d82d88ddc69a8\spring-boot-starter-thymeleaf-2.5.6.jar;C:\Users\Jeon\.gradle\caches\modules-2\files-2.1\nz.net.ultraq.thymeleaf\thymeleaf-layout-dialect\2.5.3\14cea70b86724161380f2eb7498ab0185cd0d482\thymeleaf-layout-dialect-2.5.3.jar;C:\Users\Jeon\.gradle\caches\modules-2\files-2.1\org.springframework.boot\spring-boot-starter-security\2.5.6\af5827b9e08ea631fa213cccd1144fbdfee32896\spring-boot-starter-security-2.5.6.jar;C:\Users\Jeon\.gradle\caches\modules-2\files-2.1\com.google.guava\guava\31.0.1-jre\119ea2b2bc205b138974d351777b20f02b92704b\guava-31.0.1-jre.jar;C:\Users\Jeon\.gradle\caches\modules-2\files-2.1\org.springframework.boot\spring-boot-starter-validation\2.5.6\89f34956247743c97e16fa0dd7176743fc8dea08\spring-boot-starter-validation-2.5.6.jar;C:\Users\Jeon\.gradle\caches\modules-2\files-2.1\org.springframework.boot\spring-boot-starter-data-jpa\2.5.6\8d7fe99c33e09390316749614d9795d80b49207b\spring-boot-starter-data-jpa-2.5.6.jar;C:\Users\Jeon\.gradle\caches\modules-2\files-2.1\org.jsoup\jsoup\1.14.3\c43a81e18e6d0eb71951aa031d55d5c293c531a6\jsoup-1.14.3.jar;C:\Users\Jeon\.gradle\caches\modules-2\files-2.1\org.springframework.boot\spring-boot-starter-json\2.5.6\6ef5a7087e18ed4f3736c8752440ecd489c36a4d\spring-boot-starter-json-2.5.6.jar;C:\Users\Jeon\.gradle\caches\modules-2\files-2.1\org.springframework.boot\spring-
Launcher Type: SUN_STANDARD

[Global flags]
     bool BytecodeVerificationLocal                = false                                     {product} {command line}
     bool BytecodeVerificationRemote               = false                                     {product} {command line}
     intx CICompilerCount                          = 4                                         {product} {ergonomic}
     uint ConcGCThreads                            = 3                                         {product} {ergonomic}
     uint G1ConcRefinementThreads                  = 10                                        {product} {ergonomic}
   size_t G1HeapRegionSize                         = 2097152                                   {product} {ergonomic}
    uintx GCDrainStackTargetSize                   = 64                                        {product} {ergonomic}
   size_t InitialHeapSize                          = 536870912                                 {product} {ergonomic}
     bool ManagementServer                         = true                                      {product} {command line}
   size_t MarkStackSize                            = 4194304                                   {product} {ergonomic}
   size_t MaxHeapSize                              = 8571060224                                {product} {ergonomic}
   size_t MaxNewSize                               = 5142216704                                {product} {ergonomic}
   size_t MinHeapDeltaBytes                        = 2097152                                   {product} {ergonomic}
    uintx NonNMethodCodeHeapSize                   = 7549744                                {pd product} {ergonomic}
    uintx NonProfiledCodeHeapSize                  = 244108496                              {pd product} {ergonomic}
    uintx ProfiledCodeHeapSize                     = 0                                      {pd product} {ergonomic}
    uintx ReservedCodeCacheSize                    = 251658240                              {pd product} {ergonomic}
     bool SegmentedCodeCache                       = true                                      {product} {ergonomic}
     intx TieredStopAtLevel                        = 1                                         {product} {command line}
     bool UseCompressedClassPointers               = true                                 {lp64_product} {ergonomic}
     bool UseCompressedOops                        = true                                 {lp64_product} {ergonomic}
     bool UseG1GC                                  = true                                      {product} {ergonomic}
     bool UseLargePagesIndividualAllocation        = false                                  {pd product} {ergonomic}

Logging:
Log output configuration:
 #0: stdout all=warning uptime,level,tags
 #1: stderr all=off uptime,level,tags

Environment Variables:
PATH=C:\Python39\Scripts\;C:\Python39\;C:\Program Files\ImageMagick-7.1.0-Q16-HDRI;C:\Program Files\Common Files\Oracle\Java\javapath;C:\Windows\system32;C:\Windows;C:\Windows\System32\Wbem;C:\Windows\System32\WindowsPowerShell\v1.0\;C:\Windows\System32\OpenSSH\;C:\Program Files\NVIDIA Corporation\NVIDIA NvDLISR;C:\Program Files (x86)\PuTTY\;C:\Program Files\Git\cmd;C:\ProgramData\chocolatey\bin;C:\Program Files (x86)\NVIDIA Corporation\PhysX\Common;%NVM_HOME%;%NVM_SYMLINK%;C:\Program Files\dotnet\;C:\Users\Jeon\AppData\Local\Microsoft\WindowsApps;C:\Program Files\Bandizip\;C:\Users\Jeon\AppData\Local\Programs\Microsoft VS Code\bin;C:\Users\Jeon\AppData\Roaming\npm;C:\Users\Jeon\AppData\Local\GitHubDesktop\bin;C:\Users\Jeon\AppData\Roaming\nvm;C:\Program Files\nodejs
USERNAME=Jeon
OS=Windows_NT
PROCESSOR_IDENTIFIER=AMD64 Family 25 Model 33 Stepping 0, AuthenticAMD



---------------  S Y S T E M  ---------------

OS: Windows 10 , 64 bit Build 19041 (10.0.19041.1503)

CPU:total 12 (initial active 12) (12 cores per cpu, 2 threads per core) family 25 model 33 stepping 0 microcode 0x0, cmov, cx8, fxsr, mmx, sse, sse2, sse3, ssse3, sse4.1, sse4.2, popcnt, avx, avx2, aes, clmul, erms, mmxext, 3dnowpref, lzcnt, sse4a, ht, tsc, tscinvbit, tscinv, bmi1, bmi2,

Memory: 4k page, system-wide physical 32693M (16598M free)
TotalPageFile size 53173M (AvailPageFile size 30323M)
current process WorkingSet (physical memory assigned to process): 194M, peak: 194M
current process commit charge ("private bytes"): 771M, peak: 771M

vm_info: Java HotSpot(TM) 64-Bit Server VM (11.0.11+9-LTS-194) for windows-amd64 JRE (11.0.11+9-LTS-194), built on Mar 18 2021 18:46:53 by "mach5one" with MS VC++ 15.9 (VS2017)

END.
